<?xml version="1.0" encoding="UTF-8" standalone="no"?>
<testsuite errors="0" failures="0" name="io.cucumber.core.plugin.JUnitFormatter" skipped="0" tests="1" time="0.516">
    <testcase classname="Title of your feature" name="Title of your scenario." time="0.24">
        <system-out><![CDATA[Given I want to write a step with precondition..............................passed
And some other precondition.................................................passed
When I complete action......................................................passed
And some other action.......................................................passed
And yet another action......................................................passed
Then I validate the outcomes................................................passed
And check more outcomes.....................................................passed
]]></system-out>
    </testcase>
</testsuite>
